<?xml version="1.0" encoding="UTF-8"?>
<testng-results skipped="0" failed="0" total="3" passed="3">
  <reporter-output>
  </reporter-output>
  <suite name="Medoplus_Demo1" duration-ms="91097" started-at="2019-03-31T08:34:13Z" finished-at="2019-03-31T08:35:44Z">
    <groups>
    </groups>
    <test name="Test1" duration-ms="91097" started-at="2019-03-31T08:34:13Z" finished-at="2019-03-31T08:35:44Z">
      <class name="com.medo.testcases.TC_EditCustomer_VerifyCity_006">
        <test-method status="PASS" signature="setup(java.lang.String)[pri:0, instance:com.medo.testcases.TC_EditCustomer_VerifyCity_006@59f99ea]" name="setup" is-config="true" duration-ms="30791" started-at="2019-03-31T14:04:13Z" finished-at="2019-03-31T14:04:44Z">
          <params>
            <param index="0">
              <value>
                <![CDATA[chrome]]>
              </value>
            </param>
          </params>
          <reporter-output>
          </reporter-output>
        </test-method> <!-- setup -->
        <test-method status="PASS" signature="edit_blank()[pri:0, instance:com.medo.testcases.TC_EditCustomer_VerifyCity_006@59f99ea]" name="edit_blank" duration-ms="36156" started-at="2019-03-31T14:04:44Z" finished-at="2019-03-31T14:05:20Z">
          <reporter-output>
          </reporter-output>
        </test-method> <!-- edit_blank -->
        <test-method status="PASS" signature="edit_city_numeric()[pri:0, instance:com.medo.testcases.TC_EditCustomer_VerifyCity_006@59f99ea]" name="edit_city_numeric" duration-ms="11060" started-at="2019-03-31T14:05:20Z" finished-at="2019-03-31T14:05:31Z">
          <reporter-output>
          </reporter-output>
        </test-method> <!-- edit_city_numeric -->
        <test-method status="PASS" signature="edit_city_splchar()[pri:0, instance:com.medo.testcases.TC_EditCustomer_VerifyCity_006@59f99ea]" name="edit_city_splchar" duration-ms="13051" started-at="2019-03-31T14:05:31Z" finished-at="2019-03-31T14:05:44Z">
          <reporter-output>
          </reporter-output>
        </test-method> <!-- edit_city_splchar -->
        <test-method status="PASS" signature="tearDown()[pri:0, instance:com.medo.testcases.TC_EditCustomer_VerifyCity_006@59f99ea]" name="tearDown" is-config="true" duration-ms="1" started-at="2019-03-31T14:05:44Z" finished-at="2019-03-31T14:05:44Z">
          <reporter-output>
          </reporter-output>
        </test-method> <!-- tearDown -->
      </class> <!-- com.medo.testcases.TC_EditCustomer_VerifyCity_006 -->
    </test> <!-- Test1 -->
  </suite> <!-- Medoplus_Demo1 -->
</testng-results>
