<?xml version="1.0" encoding="UTF-8"?>
<!-- Generated by org.testng.reporters.JUnitXMLReporter -->
<testsuite hostname="Bhakti-PC" name="Test1" tests="3" failures="0" timestamp="31 Mar 2019 08:35:44 GMT" time="91.097" errors="0">
  <testcase name="edit_blank" time="36.156" classname="com.medo.testcases.TC_EditCustomer_VerifyCity_006"/>
  <testcase name="edit_city_numeric" time="11.06" classname="com.medo.testcases.TC_EditCustomer_VerifyCity_006"/>
  <testcase name="edit_city_splchar" time="13.051" classname="com.medo.testcases.TC_EditCustomer_VerifyCity_006"/>
</testsuite> <!-- Test1 -->
